INFO-FLOW: Workspace E:/Martina/Senior2/ML/AlexNet/N1/N1/solution1 opened at Sat Dec 30 09:18:18 +0200 2023
Execute     config_clock -quiet -name default -period 10 -default=false 
INFO: [SYN 201-201] Setting up clock 'default' with a period of 10ns.
Execute     open_platform DefaultPlatform 
Execute     import_lib E:/Vivado/Vivado/2018.3/common/technology/xilinx/zynquplus/zynquplus 
Execute       source E:/Vivado/Vivado/2018.3/common/technology/xilinx/common/xilinx.lib 
Execute         source E:/Vivado/Vivado/2018.3/common/technology/xilinx/interface/xilinx_interface.lib 
Execute           source E:/Vivado/Vivado/2018.3/common/technology/xilinx/interface/plb46.lib 
Execute           source E:/Vivado/Vivado/2018.3/common/technology/xilinx/interface/fsl.lib 
Execute           source E:/Vivado/Vivado/2018.3/common/technology/xilinx/interface/axi4.lib 
Execute           source E:/Vivado/Vivado/2018.3/common/technology/xilinx/interface/maxi.lib 
Execute           source E:/Vivado/Vivado/2018.3/common/technology/xilinx/interface/saxilite.lib 
Execute         source E:/Vivado/Vivado/2018.3/common/technology/xilinx/common/dsp48.lib 
Execute         source E:/Vivado/Vivado/2018.3/common/technology/xilinx/ip/dds_compiler.lib 
Execute         source E:/Vivado/Vivado/2018.3/common/technology/xilinx/ip/xfft.lib 
Execute         source E:/Vivado/Vivado/2018.3/common/technology/xilinx/ip/xfir.lib 
Execute       source E:/Vivado/Vivado/2018.3/common/technology/xilinx/common/xilinx_old.lib 
Execute       source E:/Vivado/Vivado/2018.3/common/technology/xilinx/common/xilinx_vivado.lib 
Execute       source E:/Vivado/Vivado/2018.3/common/technology/xilinx/common/xilinx.hlp 
Execute         source E:/Vivado/Vivado/2018.3/common/technology/xilinx/common/target_info.tcl 
Execute         source E:/Vivado/Vivado/2018.3/common/technology/xilinx/interface/xilinx_interface.hlp 
Execute           source E:/Vivado/Vivado/2018.3/common/technology/xilinx/interface/maxi.hlp 
Execute           source E:/Vivado/Vivado/2018.3/common/technology/xilinx/interface/saxilite.hlp 
Execute         source E:/Vivado/Vivado/2018.3/common/technology/xilinx/common/dsp48.hlp 
Execute       source E:/Vivado/Vivado/2018.3/common/technology/xilinx/zynquplus/dsp48e2.hlp 
Execute       get_default_platform 
Execute       config_chip_info -quiet -resource  {SLICE 34260} {LUT 274080}   {FF 548160}  {DSP48E 2520}  {BRAM 1824} {URAM 0}  
Execute       config_chip_info -quiet -speed medium 
Execute       source E:/Vivado/Vivado/2018.3/common/technology/xilinx/common/xilinx.hlp 
Execute         source E:/Vivado/Vivado/2018.3/common/technology/xilinx/common/target_info.tcl 
Execute         source E:/Vivado/Vivado/2018.3/common/technology/xilinx/interface/xilinx_interface.hlp 
Execute           source E:/Vivado/Vivado/2018.3/common/technology/xilinx/interface/maxi.hlp 
Execute           source E:/Vivado/Vivado/2018.3/common/technology/xilinx/interface/saxilite.hlp 
Execute         source E:/Vivado/Vivado/2018.3/common/technology/xilinx/common/dsp48.hlp 
Execute     source E:/Vivado/Vivado/2018.3/common/technology/xilinx/zynquplus/zynquplus.gen 
Execute       source E:/Vivado/Vivado/2018.3/common/technology/xilinx/common/virtex.gen 
Execute         source E:/Vivado/Vivado/2018.3/common/technology/xilinx/common/xilinx.gen 
Execute           source E:/Vivado/Vivado/2018.3/common/technology/xilinx/interface/plb46.gen 
Execute           source E:/Vivado/Vivado/2018.3/common/technology/xilinx/interface/fsl.gen 
Execute           source E:/Vivado/Vivado/2018.3/common/technology/xilinx/interface/axi4.gen 
Execute           source E:/Vivado/Vivado/2018.3/common/technology/xilinx/interface/nativeAXI4.gen 
Execute             source E:/Vivado/Vivado/2018.3/common/technology/xilinx/interface/saxilite.gen 
Execute             source E:/Vivado/Vivado/2018.3/common/technology/xilinx/interface/maxi.gen 
Execute           source E:/Vivado/Vivado/2018.3/common/technology/xilinx/scripts/xilinxcoregen.gen 
Execute           source E:/Vivado/Vivado/2018.3/common/technology/xilinx/interface/XilEDKCoreGen.gen 
Execute           source E:/Vivado/Vivado/2018.3/common/technology/xilinx/ip/dds_compiler.gen 
Execute           source E:/Vivado/Vivado/2018.3/common/technology/xilinx/ip/util.gen 
Execute           source E:/Vivado/Vivado/2018.3/common/technology/xilinx/ip/xfft.gen 
Command           ap_source done; 0.186 sec.
Execute           source E:/Vivado/Vivado/2018.3/common/technology/xilinx/ip/xfir.gen 
Command         ap_source done; 0.26 sec.
Execute         source E:/Vivado/Vivado/2018.3/common/technology/xilinx/common/dsp48.gen 
Command       ap_source done; 0.264 sec.
Command     ap_source done; 0.265 sec.
Execute     open_platform DefaultPlatform 
Execute     import_lib E:/Vivado/Vivado/2018.3/common/technology/xilinx/zynquplus/zynquplus_fpv7 
Execute       source E:/Vivado/Vivado/2018.3/common/technology/xilinx/common/xilinx_fpv7.lib 
Execute         source E:/Vivado/Vivado/2018.3/common/technology/xilinx/common/xilinx_hp.lib 
Execute       source E:/Vivado/Vivado/2018.3/common/technology/xilinx/common/xilinx_fpv.hlp 
Execute         source E:/Vivado/Vivado/2018.3/common/technology/xilinx/common/xilinx.hlp 
Execute           source E:/Vivado/Vivado/2018.3/common/technology/xilinx/common/target_info.tcl 
Execute           source E:/Vivado/Vivado/2018.3/common/technology/xilinx/interface/xilinx_interface.hlp 
Execute             source E:/Vivado/Vivado/2018.3/common/technology/xilinx/interface/maxi.hlp 
Execute             source E:/Vivado/Vivado/2018.3/common/technology/xilinx/interface/saxilite.hlp 
Execute           source E:/Vivado/Vivado/2018.3/common/technology/xilinx/common/dsp48.hlp 
Execute       source E:/Vivado/Vivado/2018.3/common/technology/xilinx/zynquplus/zynquplus_hp.hlp 
Execute     source E:/Vivado/Vivado/2018.3/common/technology/xilinx/zynquplus/zynquplus_fpv7.gen 
Execute       source E:/Vivado/Vivado/2018.3/common/technology/xilinx/common/xilinx_fpv6.gen 
Execute     set_part xczu9eg-ffvb1156-2-i 
Execute       add_library xilinx/zynquplus/zynquplus:xczu9eg:-ffvb1156:-2-i 
Execute         get_default_platform 
Execute         license_isbetapart xczu9eg 
Command         license_isbetapart done; error code: 1; 0.101 sec.
Execute         get_default_platform 
Execute         config_chip_info -quiet -resource  {SLICE 34260} {LUT 274080}   {FF 548160}  {DSP48E 2520}  {BRAM 1824} {URAM 0}  
Execute         config_chip_info -quiet -speed medium 
Command       add_library done; 0.106 sec.
Execute       add_library xilinx/zynquplus/zynquplus_fpv7 
Execute         get_default_platform 
INFO: [HLS 200-10] Setting target device to 'xczu9eg-ffvb1156-2-i'
Execute       get_default_platform 
Command     set_part done; 0.189 sec.
Execute     get_default_platform 
Execute     config_chip_info -quiet -resource  {SLICE 34260} {LUT 274080}   {FF 548160}  {DSP48E 2520}  {BRAM 1824} {URAM 0}  
Execute     config_chip_info -quiet -speed medium 
Command   open_solution done; 0.542 sec.
Execute   set_part xczu9eg-ffvb1156-2-i -tool vivado 
Execute     add_library xilinx/zynquplus/zynquplus:xczu9eg:-ffvb1156:-2-i 
Execute       get_default_platform 
Execute       license_isbetapart xczu9eg 
Command       license_isbetapart done; error code: 1; 
Execute       get_default_platform 
Execute       config_chip_info -quiet -resource  {SLICE 34260} {LUT 274080}   {FF 548160}  {DSP48E 2520}  {BRAM 1824} {URAM 0}  
Execute       config_chip_info -quiet -speed medium 
Execute     add_library xilinx/zynquplus/zynquplus_fpv7 
Execute       get_default_platform 
Execute     get_default_platform 
Execute   create_clock -period 10 -name default 
Execute     config_clock -quiet -name default -period 10 -default=false 
INFO: [SYN 201-201] Setting up clock 'default' with a period of 10ns.
Execute   csynth_design 
Execute     get_config_compile -effort 
Execute     get_config_compile -enable_clang39 
Execute     get_config_compile -g 
Execute     get_config_compile -lm 
Execute     get_config_compile -ng 
Execute     get_config_compile -opt_fp 
Execute     get_config_compile -skip_cdt 
Execute     get_config_compile -skip_syncheck 
Execute     get_config_compile -skip_transform 
Execute     config_compile -blackbox  
Execute     get_config_compile -keep_printf 
Execute     elaborate -effort=medium -skip_syncheck=0 -keep_printf=0 -lm=0 -skip_cdt=0 -skip_transform=0 -ng=0 -g=0 -opt_fp=0 -from_csynth_design=1 
Execute       get_config_schedule -relax_ii_for_timing 
INFO: [SCHED 204-61] Option 'relax_ii_for_timing' is enabled, will increase II to preserve clock frequency constraints.
Execute       get_config_schedule -suppress_dependence_error_break 
INFO: [HLS 200-10] Analyzing design file 'N1.cpp' ... 
INFO-FLOW: Compiling one TU...
Execute       is_m_axi_addr64 
INFO-FLOW: Handling N1.cpp as C++
Execute       get_default_platform 
Execute       is_encrypted N1.cpp 
Execute       get_default_platform 
INFO-FLOW: Running: GCC PP
INFO-FLOW: Source preprocessing
Execute       clang  -fno-limit-debug-info -gcc-toolchain "E:/Vivado/Vivado/2018.3/msys" -hls  -fno-exceptions  -D__llvm__  -E "N1.cpp"     -fno-math-errno -c -emit-llvm -O0  -mllvm -disable-llvm-optzns -fno-threadsafe-statics  -fno-use-cxa-atexit  -fno-threadsafe-statics -fno-use-cxa-atexit -D__CLANG_3_1__ -D__cdecl= -DAESL_SYN -D__SYNTHESIS__ -D__HLS_SYN__ -I "E:/Vivado/Vivado/2018.3/common/technology/autopilot" -I "E:/Vivado/Vivado/2018.3/common/technology/autopilot/ap_sysc" -include etc/autopilot_ssdm_op.h -D__DSP48E2__  -o "E:/Martina/Senior2/ML/AlexNet/N1/N1/solution1/.autopilot/db/N1.pp.0.cpp" 
INFO-FLOW: exec E:/Vivado/Vivado/2018.3/win64/tools/clang/bin/clang -fno-limit-debug-info -gcc-toolchain E:/Vivado/Vivado/2018.3/msys -hls -fno-exceptions -D__llvm__ -E N1.cpp -fno-math-errno -c -emit-llvm -O0 -mllvm -disable-llvm-optzns -fno-threadsafe-statics -fno-use-cxa-atexit -fno-threadsafe-statics -fno-use-cxa-atexit -D__CLANG_3_1__ -D__cdecl= -DAESL_SYN -D__SYNTHESIS__ -D__HLS_SYN__ -I E:/Vivado/Vivado/2018.3/common/technology/autopilot -I E:/Vivado/Vivado/2018.3/common/technology/autopilot/ap_sysc -include etc/autopilot_ssdm_op.h -D__DSP48E2__ -o E:/Martina/Senior2/ML/AlexNet/N1/N1/solution1/.autopilot/db/N1.pp.0.cpp
Command       clang done; 5.24 sec.
Execute       tidy_31 xilinx-xfmat-array-geometry E:/Martina/Senior2/ML/AlexNet/N1/N1/solution1/.autopilot/db/N1.pp.0.cpp std=gnu++98 
INFO-FLOW: exec E:/Vivado/Vivado/2018.3/win64/tools/clang-3.9-csynth/bin/tidy-3.1 -header-filter=.* -checks=-*,xilinx-xfmat-array-geometry -quiet -fix E:/Martina/Senior2/ML/AlexNet/N1/N1/solution1/.autopilot/db/N1.pp.0.cpp -- -std=gnu++98 -fhls -ferror-limit=0
Command       tidy_31 done; 2.473 sec.
INFO-FLOW: Syntax Checking before pre-processing...
Execute       clang -syntaxcheck -src E:/Martina/Senior2/ML/AlexNet/N1/N1/solution1/.autopilot/db/N1.pp.0.cpp  -fno-limit-debug-info -gcc-toolchain "E:/Vivado/Vivado/2018.3/msys" -hls    -fno-math-errno -c -emit-llvm -O0  -mllvm -disable-llvm-optzns -fno-threadsafe-statics  -fno-use-cxa-atexit  -fno-threadsafe-statics -fno-use-cxa-atexit -D__CLANG_3_1__ -D__cdecl= -DAESL_SYN -D__SYNTHESIS__ -D__HLS_SYN__ -I "E:/Vivado/Vivado/2018.3/common/technology/autopilot" -I "E:/Vivado/Vivado/2018.3/common/technology/autopilot/ap_sysc" -include etc/autopilot_ssdm_op.h -D__DSP48E2__  "E:/Martina/Senior2/ML/AlexNet/N1/N1/solution1/.autopilot/db/N1.pp.0.cpp"  -o "E:/Martina/Senior2/ML/AlexNet/N1/N1/solution1/.autopilot/db/useless.bc"  
INFO-FLOW: exec E:/Vivado/Vivado/2018.3/win64/tools/clang/bin/clang -fno-limit-debug-info -gcc-toolchain E:/Vivado/Vivado/2018.3/msys -hls -fno-math-errno -c -emit-llvm -O0 -mllvm -disable-llvm-optzns -fno-threadsafe-statics -fno-use-cxa-atexit -fno-threadsafe-statics -fno-use-cxa-atexit -D__CLANG_3_1__ -D__cdecl= -DAESL_SYN -D__SYNTHESIS__ -D__HLS_SYN__ -I E:/Vivado/Vivado/2018.3/common/technology/autopilot -I E:/Vivado/Vivado/2018.3/common/technology/autopilot/ap_sysc -include etc/autopilot_ssdm_op.h -D__DSP48E2__ E:/Martina/Senior2/ML/AlexNet/N1/N1/solution1/.autopilot/db/N1.pp.0.cpp -o E:/Martina/Senior2/ML/AlexNet/N1/N1/solution1/.autopilot/db/useless.bc
ERROR: [HLS 200-70] Compilation errors found: In file included from N1.cpp:1:
N1.cpp:22:25: error: use of undeclared identifier 'x'
                    sum[x][y] += powf(input[x][y][i],2);
                        ^
N1.cpp:22:28: error: use of undeclared identifier 'y'
                    sum[x][y] += powf(input[x][y][i],2);
                           ^
N1.cpp:22:45: error: use of undeclared identifier 'x'
                    sum[x][y] += powf(input[x][y][i],2);
                                            ^
N1.cpp:22:48: error: use of undeclared identifier 'y'
                    sum[x][y] += powf(input[x][y][i],2);
                                               ^
N1.cpp:34:34: error: use of undeclared identifier 'gamma'
    normalization(input, output, gamma, beta);
                                 ^
5 errors generated.
Command       clang done; error code: 2; 3.2 sec.
Command     elaborate done; error code: 2; 10.987 sec.
Command   csynth_design done; error code: 2; 11.073 sec.
Command ap_source done; error code: 1; 11.7 sec.
Execute cleanup_all 
